<?xml version="1.0" encoding="UTF-8"?>
<testsuites>
  <testsuite id="0" name="D:\Projects\reactFromScratch\react-complete-guide\src\App.test.js" errors="0" package="D:\Projects\reactFromScratch\react-complete-guide\src\App.test.js" hostname="localhost" tests="1" failures="0" time="1.91" timestamp="2018-11-10T15:21:19">
    <properties>
    </properties>
    <testcase classname="renders without crashing" name="renders without crashing" time="0">
    </testcase>
    <system-out/>
    <system-err/>
  </testsuite>
</testsuites>